<?xml version="1.0" encoding="UTF-8"?>
<!-- Generated by org.testng.reporters.JUnitXMLReporter -->
<testsuite ignored="1" hostname="LAPTOP-LNQO8009" failures="0" tests="2" name="Command line test" time="0.064" errors="0" timestamp="2021-04-25T19:54:25 MSK">
  <testcase classname="CalculatorTest" name="calcDivideByZero" time="0.009"/>
  <testcase classname="CalculatorTest" name="calculatorDigitTest" time="0.007"/>
  <testcase classname="CalculatorTest" name="calcSumPositiveValuesTest" time="0.0">
    <ignored/>
  </testcase> <!-- calcSumPositiveValuesTest -->
</testsuite> <!-- Command line test -->
